2026-03-10 04:13:08.438: [INFO][Sync] Reset engine, reason: 8
2026-03-10 04:13:08.438: [INFO][Sync] Stopped: Bookmarks
2026-03-10 04:13:08.438: [INFO][Sync] Stopped: Preferences
2026-03-10 04:13:08.438: [INFO][Sync] Stopped: Passwords
2026-03-10 04:13:08.438: [INFO][Sync] Stopped: Autofill Profiles
2026-03-10 04:13:08.438: [INFO][Sync] Stopped: Autofill
2026-03-10 04:13:08.438: [INFO][Sync] Stopped: Extensions
2026-03-10 04:13:08.438: [INFO][Sync] Stopped: Sessions
2026-03-10 04:13:08.438: [INFO][Sync] Stopped: Extension settings
2026-03-10 04:13:08.438: [INFO][Sync] Stopped: History Delete Directives
2026-03-10 04:13:08.438: [INFO][Sync] Stopped: Device Info
2026-03-10 04:13:08.438: [INFO][Sync] Stopped: User Consents
2026-03-10 04:13:08.438: [INFO][Sync] Stopped: Send Tab To Self
2026-03-10 04:13:08.438: [INFO][Sync] Stopped: Web Apps
2026-03-10 04:13:08.438: [INFO][Sync] Stopped: History
2026-03-10 04:13:08.438: [INFO][Sync] Stopped: Saved Tab Group
2026-03-10 04:13:08.438: [INFO][Sync] Stopped: WebAuthn Credentials
2026-03-10 04:13:08.438: [INFO][Sync] Stopped: Collection
2026-03-10 04:13:08.438: [INFO][Sync] Stopped: Edge E Drop
2026-03-10 04:13:08.438: [INFO][Sync] Stopped: Edge Hub App Usage
2026-03-10 04:13:08.438: [INFO][Sync] Stopped: Edge Wallet
2026-03-10 04:13:08.438: [INFO][Sync] Stopped: Edge Workspace
2026-03-10 04:13:08.439: [INFO][Sync] SyncState after authenticated was: NotSignedIn
2026-03-10 04:13:08.737: [INFO][Sync] Reset engine, reason: 8
2026-03-10 04:13:08.737: [INFO][Sync] Stopped: Bookmarks
2026-03-10 04:13:08.737: [INFO][Sync] Stopped: Preferences
2026-03-10 04:13:08.737: [INFO][Sync] Stopped: Passwords
2026-03-10 04:13:08.737: [INFO][Sync] Stopped: Autofill Profiles
2026-03-10 04:13:08.737: [INFO][Sync] Stopped: Autofill
2026-03-10 04:13:08.737: [INFO][Sync] Stopped: Extensions
2026-03-10 04:13:08.737: [INFO][Sync] Stopped: Sessions
2026-03-10 04:13:08.737: [INFO][Sync] Stopped: Extension settings
2026-03-10 04:13:08.737: [INFO][Sync] Stopped: History Delete Directives
2026-03-10 04:13:08.737: [INFO][Sync] Stopped: Device Info
2026-03-10 04:13:08.737: [INFO][Sync] Stopped: User Consents
2026-03-10 04:13:08.737: [INFO][Sync] Stopped: Send Tab To Self
2026-03-10 04:13:08.737: [INFO][Sync] Stopped: Web Apps
2026-03-10 04:13:08.737: [INFO][Sync] Stopped: History
2026-03-10 04:13:08.737: [INFO][Sync] Stopped: Saved Tab Group
2026-03-10 04:13:08.737: [INFO][Sync] Stopped: WebAuthn Credentials
2026-03-10 04:13:08.737: [INFO][Sync] Stopped: Collection
2026-03-10 04:13:08.737: [INFO][Sync] Stopped: Edge E Drop
2026-03-10 04:13:08.737: [INFO][Sync] Stopped: Edge Hub App Usage
2026-03-10 04:13:08.737: [INFO][Sync] Stopped: Edge Wallet
2026-03-10 04:13:08.737: [INFO][Sync] Stopped: Edge Workspace
2026-03-10 04:15:22.743: [INFO][Sync] Reset engine, reason: 0
2026-03-10 04:19:28.843: [INFO][Sync] Reset engine, reason: 8
2026-03-10 04:19:28.843: [INFO][Sync] Stopped: Bookmarks
2026-03-10 04:19:28.843: [INFO][Sync] Stopped: Preferences
2026-03-10 04:19:28.844: [INFO][Sync] Stopped: Passwords
2026-03-10 04:19:28.844: [INFO][Sync] Stopped: Autofill Profiles
2026-03-10 04:19:28.844: [INFO][Sync] Stopped: Autofill
2026-03-10 04:19:28.844: [INFO][Sync] Stopped: Extensions
2026-03-10 04:19:28.844: [INFO][Sync] Stopped: Sessions
2026-03-10 04:19:28.844: [INFO][Sync] Stopped: Extension settings
2026-03-10 04:19:28.844: [INFO][Sync] Stopped: History Delete Directives
2026-03-10 04:19:28.844: [INFO][Sync] Stopped: Device Info
2026-03-10 04:19:28.844: [INFO][Sync] Stopped: User Consents
2026-03-10 04:19:28.844: [INFO][Sync] Stopped: Send Tab To Self
2026-03-10 04:19:28.844: [INFO][Sync] Stopped: Web Apps
2026-03-10 04:19:28.844: [INFO][Sync] Stopped: History
2026-03-10 04:19:28.844: [INFO][Sync] Stopped: Saved Tab Group
2026-03-10 04:19:28.844: [INFO][Sync] Stopped: WebAuthn Credentials
2026-03-10 04:19:28.844: [INFO][Sync] Stopped: Collection
2026-03-10 04:19:28.844: [INFO][Sync] Stopped: Edge E Drop
2026-03-10 04:19:28.844: [INFO][Sync] Stopped: Edge Hub App Usage
2026-03-10 04:19:28.844: [INFO][Sync] Stopped: Edge Wallet
2026-03-10 04:19:28.844: [INFO][Sync] Stopped: Edge Workspace
2026-03-10 04:19:28.844: [INFO][Sync] SyncState after authenticated was: NotSignedIn
2026-03-10 04:19:29.275: [INFO][Sync] Reset engine, reason: 8
2026-03-10 04:19:29.275: [INFO][Sync] Stopped: Bookmarks
2026-03-10 04:19:29.275: [INFO][Sync] Stopped: Preferences
2026-03-10 04:19:29.275: [INFO][Sync] Stopped: Passwords
2026-03-10 04:19:29.275: [INFO][Sync] Stopped: Autofill Profiles
2026-03-10 04:19:29.275: [INFO][Sync] Stopped: Autofill
2026-03-10 04:19:29.275: [INFO][Sync] Stopped: Extensions
2026-03-10 04:19:29.275: [INFO][Sync] Stopped: Sessions
2026-03-10 04:19:29.275: [INFO][Sync] Stopped: Extension settings
2026-03-10 04:19:29.275: [INFO][Sync] Stopped: History Delete Directives
2026-03-10 04:19:29.275: [INFO][Sync] Stopped: Device Info
2026-03-10 04:19:29.275: [INFO][Sync] Stopped: User Consents
2026-03-10 04:19:29.275: [INFO][Sync] Stopped: Send Tab To Self
2026-03-10 04:19:29.275: [INFO][Sync] Stopped: Web Apps
2026-03-10 04:19:29.275: [INFO][Sync] Stopped: History
2026-03-10 04:19:29.275: [INFO][Sync] Stopped: Saved Tab Group
2026-03-10 04:19:29.275: [INFO][Sync] Stopped: WebAuthn Credentials
2026-03-10 04:19:29.275: [INFO][Sync] Stopped: Collection
2026-03-10 04:19:29.275: [INFO][Sync] Stopped: Edge E Drop
2026-03-10 04:19:29.275: [INFO][Sync] Stopped: Edge Hub App Usage
2026-03-10 04:19:29.275: [INFO][Sync] Stopped: Edge Wallet
2026-03-10 04:19:29.275: [INFO][Sync] Stopped: Edge Workspace
2026-03-10 04:24:46.536: [INFO][Sync] Reset engine, reason: 0
